
--- https://www.diputados.gob.mx/LeyesBiblio/index.php ---

--- https://www.diputados.gob.mx/LeyesBiblio/ref/cpeum.htm ---

--- https://www.diputados.gob.mx/LeyesBiblio/index_codigos.php ---

--- https://www.diputados.gob.mx/LeyesBiblio/index_reglamentos.php ---

--- https://www.diputados.gob.mx/LeyesBiblio/index_estatuto.php ---

unique .pdf links: 9
  ../pdf/CPEUM.pdf
  ../pdf_mov/Constitucion_Politica.pdf
  cpeum/CPEUM_fe_orig_06feb17.pdf
  cpeum/CPEUM_fe_orig_06feb17_ima.pdf
  cpeum/CPEUM_orig_05feb1917.pdf
  cpeum/CPEUM_orig_05feb1917_ima.pdf
  cpeum/DD_Constituyente.pdf
  cpeum/Proy_CPEUM_06dic1916.pdf
  cpeum/Proy_CPEUM_expmot_01dic1916.pdf

unique .doc/.docx links: 1
  ../doc/CPEUM.doc

unique .htm links: 37
  ../abroga.htm
  ../actual/2022.htm
  ../actual/2023.htm
  ../actual/ultima.htm
  ../compila.htm
  ../compila/controv.htm
  ../compila/declara.htm
  ../compila/inconst.htm
  ../dof.htm
  ../dof/dof_2022.htm
