
--- https://www.te.gob.mx/jurisprudencia/ ---
  BUTTON name=btn-back type=None

--- https://www.te.gob.mx/IUSEapp/tesisjur.aspx ---
  goto: Page.goto: Timeout 45000ms exceeded.
Call log:
  - navigating to "https://www.te.gob.mx/IUSEapp/tesisjur.aspx", waiting until "networkidle"


--- https://www.te.gob.mx/IUSEapp/ ---
  goto: Page.goto: Timeout 45000ms exceeded.
Call log:
  - navigating to "https://www.te.gob.mx/IUSEapp/", waiting until "networkidle"


--- https://portal.te.gob.mx/colecciones ---

=== 15 reqs / 12 unique ===
    3  GET https://validate.perfdrive.com/1da397e9d71adb87ec0b36d6c05cfa8e/
    2  POST https://www.te.gob.mx/c99a4269-161c-4242-a3f0-28d44fa6ce24
    1  GET https://www.te.gob.mx/jurisprudencia/
    1  GET https://www.te.gob.mx/pg/assets/js/bootstrap.min.js
    1  GET https://www.te.gob.mx/pg/assets/js/jquery-1.11.1.min.js
    1  GET https://www.te.gob.mx/pg/assets/fonts/fontawesome-webfont.woff2
    1  GET https://www.te.gob.mx/media/files/waf/InternalSecurityPage.html
    1  GET https://www.te.gob.mx/18f5227b-e27b-445a-a53f-f845fbe69b40/stormcaster.js
    1  GET https://www.te.gob.mx/IUSEapp/tesisjur.aspx
    1  GET https://www.te.gob.mx/IUSEapp/
    1  GET https://portal.te.gob.mx/colecciones
    1  GET https://portal.te.gob.mx/colecciones/
